<?xml version="1.0" encoding="UTF-8"?>
<!-- Generated by org.testng.reporters.JUnitReportReporter -->
<testsuite skipped="0" hostname="Mano-Dell" name="com.testng.maven.NewTest" tests="2" failures="0" timestamp="2022-04-05T03:10:57 IST" time="0.014" errors="0">
  <testcase name="f" time="0.007" classname="com.testng.maven.NewTest"/>
  <system-out/>
  <testcase name="f" time="0.007" classname="com.testng.maven.NewTest"/>
  <system-out/>
</testsuite> <!-- com.testng.maven.NewTest -->
